<?xml version="1.0" encoding="UTF-8"?>
<testng-results skipped="0" failed="0" total="3" passed="3">
  <reporter-output>
  </reporter-output>
  <suite name="Default suite" duration-ms="20467" started-at="2019-03-22T10:26:20Z" finished-at="2019-03-22T10:26:40Z">
    <groups>
    </groups>
    <test name="Default test" duration-ms="20467" started-at="2019-03-22T10:26:20Z" finished-at="2019-03-22T10:26:40Z">
      <class name="test_package.Test_Case_globalqa_mul_selections">
        <test-method status="PASS" signature="launch_up()[pri:0, instance:test_package.Test_Case_globalqa_mul_selections@d8355a8]" name="launch_up" is-config="true" duration-ms="11695" started-at="2019-03-22T15:56:20Z" finished-at="2019-03-22T15:56:32Z">
          <reporter-output>
          </reporter-output>
        </test-method> <!-- launch_up -->
        <test-method status="PASS" signature="Test_multiple_selection_1()[pri:0, instance:test_package.Test_Case_globalqa_mul_selections@d8355a8]" name="Test_multiple_selection_1" duration-ms="4838" started-at="2019-03-22T15:56:32Z" finished-at="2019-03-22T15:56:36Z">
          <reporter-output>
          </reporter-output>
        </test-method> <!-- Test_multiple_selection_1 -->
        <test-method status="PASS" signature="Test_multiple_selection_2()[pri:0, instance:test_package.Test_Case_globalqa_mul_selections@d8355a8]" name="Test_multiple_selection_2" duration-ms="1068" started-at="2019-03-22T15:56:37Z" finished-at="2019-03-22T15:56:38Z">
          <reporter-output>
          </reporter-output>
        </test-method> <!-- Test_multiple_selection_2 -->
        <test-method status="PASS" signature="drawbox_to_select_elements()[pri:0, instance:test_package.Test_Case_globalqa_mul_selections@d8355a8]" name="drawbox_to_select_elements" duration-ms="1779" started-at="2019-03-22T15:56:38Z" finished-at="2019-03-22T15:56:40Z">
          <reporter-output>
          </reporter-output>
        </test-method> <!-- drawbox_to_select_elements -->
      </class> <!-- test_package.Test_Case_globalqa_mul_selections -->
    </test> <!-- Default test -->
  </suite> <!-- Default suite -->
</testng-results>
