<?xml version="1.0" encoding="UTF-8"?>
<!-- Generated by org.testng.reporters.JUnitXMLReporter -->
<testsuite hostname="YP1009097DT" name="Default test" tests="3" failures="0" timestamp="22 Mar 2019 08:06:58 GMT" time="72.055" errors="0">
  <testcase name="Test_multiple_selection_1" time="11.049" classname="test_package.Test_Case_globalqa_mul_selections"/>
  <testcase name="Test_multiple_selection_2" time="1.206" classname="test_package.Test_Case_globalqa_mul_selections"/>
  <testcase name="drawbox_to_select_elements" time="19.625" classname="test_package.Test_Case_globalqa_mul_selections"/>
</testsuite> <!-- Default test -->
