<?xml version="1.0" encoding="UTF-8"?><testsuite failures="1" name="cucumber.runtime.formatter.JUnitFormatter" skipped="0" tests="3" time="62.834386">
<testcase classname="Fill Timesheet" name="Fill the missing time in the timesheet" time="62.141596">
<system-out><![CDATA[When the time is missing....................................................passed
Then verify the days for which time is missing..............................passed
Then fill the missing time in the timesheet.................................passed
And verify the total working hours of the week..............................passed
]]></system-out>
</testcase>
<testcase classname="Fill Timesheet" name="Find Total on the Timesheet" time="0.598663">
<failure message="junit.framework.ComparisonFailure: expected:&lt;[45:00]&gt; but was:&lt;[18:57]&gt;&#13;&#10;&#9;at junit.framework.Assert.assertEquals(Assert.java:100)&#13;&#10;&#9;at junit.framework.Assert.assertEquals(Assert.java:107)&#13;&#10;&#9;at stepdefinition.StepDefinition.how_many_toatal_hours_are_there(StepDefinition.java:90)&#13;&#10;&#9;at ✽.Then how many toatal hours are there(G:/Selenium Projects/Timesheet_Creation/src/test/java/Feature/FillTime.feature:14)&#13;&#10;"><![CDATA[When Total is there.........................................................passed
Then how many toatal hours are there........................................failed
And show us the hours.......................................................skipped

StackTrace:
junit.framework.ComparisonFailure: expected:<[45:00]> but was:<[18:57]>
	at junit.framework.Assert.assertEquals(Assert.java:100)
	at junit.framework.Assert.assertEquals(Assert.java:107)
	at stepdefinition.StepDefinition.how_many_toatal_hours_are_there(StepDefinition.java:90)
	at ✽.Then how many toatal hours are there(G:/Selenium Projects/Timesheet_Creation/src/test/java/Feature/FillTime.feature:14)
]]></failure>
</testcase>
<testcase classname="Fill Timesheet" name="Find if tiemsheet is submitted" time="0.094127">
<system-out><![CDATA[When the timesheet is there.................................................passed
Then verify what statuc is there............................................passed
And tell us the status......................................................passed
]]></system-out>
</testcase>
</testsuite>
